{"/Users/peter/Developer/github/samples/tdd/sample/src/palindrome.js":{"path":"/Users/peter/Developer/github/samples/tdd/sample/src/palindrome.js","s":{"1":1,"2":11,"3":1,"4":10},"b":{"1":[1,10],"2":[10,8]},"f":{"1":11},"fnMap":{"1":{"name":"(anonymous_1)","line":15,"loc":{"start":{"line":15,"column":17},"end":{"line":15,"column":34}}}},"statementMap":{"1":{"start":{"line":15,"column":0},"end":{"line":20,"column":1}},"2":{"start":{"line":16,"column":2},"end":{"line":18,"column":3}},"3":{"start":{"line":17,"column":4},"end":{"line":17,"column":39}},"4":{"start":{"line":19,"column":2},"end":{"line":19,"column":83}}},"branchMap":{"1":{"line":16,"type":"if","locations":[{"start":{"line":16,"column":2},"end":{"line":16,"column":2}},{"start":{"line":16,"column":2},"end":{"line":16,"column":2}}]},"2":{"line":19,"type":"binary-expr","locations":[{"start":{"line":19,"column":9},"end":{"line":19,"column":33}},{"start":{"line":19,"column":37},"end":{"line":19,"column":83}}]}}},"/Users/peter/Developer/github/samples/tdd/sample/src/utils/index.js":{"path":"/Users/peter/Developer/github/samples/tdd/sample/src/utils/index.js","s":{"1":1,"2":2,"3":2},"b":{},"f":{"1":2,"2":2},"fnMap":{"1":{"name":"(anonymous_1)","line":15,"loc":{"start":{"line":15,"column":17},"end":{"line":15,"column":28}}},"2":{"name":"(anonymous_2)","line":16,"loc":{"start":{"line":16,"column":13},"end":{"line":16,"column":34}}}},"statementMap":{"1":{"start":{"line":15,"column":0},"end":{"line":19,"column":1}},"2":{"start":{"line":16,"column":2},"end":{"line":18,"column":3}},"3":{"start":{"line":17,"column":4},"end":{"line":17,"column":36}}},"branchMap":{}}}